Build started 6/3/2015 9:55:07 PM.
     1>Project "C:\Users\liuj0d\Documents\antons_opengl_tutorials_book\visual_studio\01_extended_init\01_extended_init.vcxproj" on node 2 (Build target(s)).
     1>ClCompile:
         C:\Program Files (x86)\Microsoft Visual Studio 11.0\VC\bin\CL.exe /c /I..\..\common\include /ZI /nologo /W3 /WX- /Od /Oy- /D _MBCS /Gm /EHsc /RTC1 /MDd /GS /fp:precise /Zc:wchar_t /Zc:forScope /Fo"Debug\\" /Fd"Debug\vc110.pdb" /Gd /TP /analyze- /errorReport:prompt ..\..\01_extended_init\main.cpp
         main.cpp
     1>c:\users\liuj0d\documents\antons_opengl_tutorials_book\01_extended_init\main.cpp(27): warning C4996: 'fopen': This function or variable may be unsafe. Consider using fopen_s instead. To disable deprecation, use _CRT_SECURE_NO_WARNINGS. See online help for details.
                 c:\program files (x86)\microsoft visual studio 11.0\vc\include\stdio.h(218) : see declaration of 'fopen'
     1>c:\users\liuj0d\documents\antons_opengl_tutorials_book\01_extended_init\main.cpp(38): warning C4996: 'ctime': This function or variable may be unsafe. Consider using ctime_s instead. To disable deprecation, use _CRT_SECURE_NO_WARNINGS. See online help for details.
                 c:\program files (x86)\microsoft visual studio 11.0\vc\include\time.inl(86) : see declaration of 'ctime'
     1>c:\users\liuj0d\documents\antons_opengl_tutorials_book\01_extended_init\main.cpp(48): warning C4996: 'fopen': This function or variable may be unsafe. Consider using fopen_s instead. To disable deprecation, use _CRT_SECURE_NO_WARNINGS. See online help for details.
                 c:\program files (x86)\microsoft visual studio 11.0\vc\include\stdio.h(218) : see declaration of 'fopen'
     1>c:\users\liuj0d\documents\antons_opengl_tutorials_book\01_extended_init\main.cpp(67): warning C4996: 'fopen': This function or variable may be unsafe. Consider using fopen_s instead. To disable deprecation, use _CRT_SECURE_NO_WARNINGS. See online help for details.
                 c:\program files (x86)\microsoft visual studio 11.0\vc\include\stdio.h(218) : see declaration of 'fopen'
     1>c:\users\liuj0d\documents\antons_opengl_tutorials_book\01_extended_init\main.cpp(168): warning C4996: 'sprintf': This function or variable may be unsafe. Consider using sprintf_s instead. To disable deprecation, use _CRT_SECURE_NO_WARNINGS. See online help for details.
                 c:\program files (x86)\microsoft visual studio 11.0\vc\include\stdio.h(357) : see declaration of 'sprintf'
       Link:
         C:\Program Files (x86)\Microsoft Visual Studio 11.0\VC\bin\link.exe /ERRORREPORT:PROMPT /OUT:"C:\Users\liuj0d\Documents\antons_opengl_tutorials_book\visual_studio\Debug\01_extended_init.exe" /INCREMENTAL /NOLOGO /LIBPATH:..\..\common\msvc110\ glfw3.lib glew32.lib opengl32.lib kernel32.lib user32.lib gdi32.lib winspool.lib comdlg32.lib advapi32.lib shell32.lib ole32.lib oleaut32.lib uuid.lib odbc32.lib odbccp32.lib kernel32.lib user32.lib gdi32.lib winspool.lib comdlg32.lib advapi32.lib shell32.lib ole32.lib oleaut32.lib uuid.lib odbc32.lib odbccp32.lib /MANIFEST /MANIFESTUAC:"level='asInvoker' uiAccess='false'" /manifest:embed /DEBUG /PDB:"C:\Users\liuj0d\Documents\antons_opengl_tutorials_book\visual_studio\Debug\01_extended_init.pdb" /TLBID:1 /DYNAMICBASE /NXCOMPAT /IMPLIB:"C:\Users\liuj0d\Documents\antons_opengl_tutorials_book\visual_studio\Debug\01_extended_init.lib" /MACHINE:X86 Debug\main.obj
         01_extended_init.vcxproj -> C:\Users\liuj0d\Documents\antons_opengl_tutorials_book\visual_studio\Debug\01_extended_init.exe
     1>Done Building Project "C:\Users\liuj0d\Documents\antons_opengl_tutorials_book\visual_studio\01_extended_init\01_extended_init.vcxproj" (Build target(s)).

Build succeeded.

Time Elapsed 00:00:00.49
