GL_LOG_FILE log. local time Wed Jun 03 22:47:11 2015
build version: Jun  3 2015 22:47:10

starting GLFW
3.0.4 Win32 WGL VisualC LoadLibrary(winmm)
renderer: Quadro 5000/PCIe/SSE2
version: 4.4.0
GL Context Params:
GL_MAX_COMBINED_TEXTURE_IMAGE_UNITS 192
GL_MAX_CUBE_MAP_TEXTURE_SIZE 16384
GL_MAX_DRAW_BUFFERS 8
GL_MAX_FRAGMENT_UNIFORM_COMPONENTS 4096
GL_MAX_TEXTURE_IMAGE_UNITS 32
GL_MAX_TEXTURE_SIZE 16384
GL_MAX_VARYING_FLOATS 124
GL_MAX_VERTEX_ATTRIBS 16
GL_MAX_VERTEX_TEXTURE_IMAGE_UNITS 32
GL_MAX_VERTEX_UNIFORM_COMPONENTS 4096
GL_MAX_VIEWPORT_DIMS 16384 16384
GL_STEREO 0
-----------------------------
