Build started 6/3/2015 10:01:47 PM.
     1>Project "C:\Users\liuj0d\Documents\antons_opengl_tutorials_book\visual_studio\03_vertex_buffer_obects\03_vertex_buffer_obects.vcxproj" on node 2 (Build target(s)).
     1>ClCompile:
         C:\Program Files (x86)\Microsoft Visual Studio 11.0\VC\bin\CL.exe /c /I..\..\common\include /ZI /nologo /W3 /WX- /Od /Oy- /D _MBCS /Gm /EHsc /RTC1 /MDd /GS /fp:precise /Zc:wchar_t /Zc:forScope /Fo"Debug\\" /Fd"Debug\vc110.pdb" /Gd /TP /analyze- /errorReport:prompt ..\..\03_vertex_buffer_objects\gl_utils.cpp ..\..\03_vertex_buffer_objects\main.cpp
         main.cpp
     1>c:\users\liuj0d\documents\antons_opengl_tutorials_book\03_vertex_buffer_objects\main.cpp(166): warning C4244: '-=' : conversion from 'double' to 'GLfloat', possible loss of data
     1>c:\users\liuj0d\documents\antons_opengl_tutorials_book\03_vertex_buffer_objects\main.cpp(170): warning C4244: '+=' : conversion from 'double' to 'GLfloat', possible loss of data
     1>c:\users\liuj0d\documents\antons_opengl_tutorials_book\03_vertex_buffer_objects\main.cpp(174): warning C4244: '+=' : conversion from 'double' to 'GLfloat', possible loss of data
     1>c:\users\liuj0d\documents\antons_opengl_tutorials_book\03_vertex_buffer_objects\main.cpp(178): warning C4244: '-=' : conversion from 'double' to 'GLfloat', possible loss of data
     1>c:\users\liuj0d\documents\antons_opengl_tutorials_book\03_vertex_buffer_objects\main.cpp(184): warning C4244: '+=' : conversion from 'double' to 'GLfloat', possible loss of data
     1>c:\users\liuj0d\documents\antons_opengl_tutorials_book\03_vertex_buffer_objects\main.cpp(188): warning C4244: '-=' : conversion from 'double' to 'GLfloat', possible loss of data
         gl_utils.cpp
     1>c:\users\liuj0d\documents\antons_opengl_tutorials_book\03_vertex_buffer_objects\gl_utils.cpp(25): warning C4996: 'fopen': This function or variable may be unsafe. Consider using fopen_s instead. To disable deprecation, use _CRT_SECURE_NO_WARNINGS. See online help for details.
                 c:\program files (x86)\microsoft visual studio 11.0\vc\include\stdio.h(218) : see declaration of 'fopen'
     1>c:\users\liuj0d\documents\antons_opengl_tutorials_book\03_vertex_buffer_objects\gl_utils.cpp(35): warning C4996: 'ctime': This function or variable may be unsafe. Consider using ctime_s instead. To disable deprecation, use _CRT_SECURE_NO_WARNINGS. See online help for details.
                 c:\program files (x86)\microsoft visual studio 11.0\vc\include\time.inl(86) : see declaration of 'ctime'
     1>c:\users\liuj0d\documents\antons_opengl_tutorials_book\03_vertex_buffer_objects\gl_utils.cpp(43): warning C4996: 'fopen': This function or variable may be unsafe. Consider using fopen_s instead. To disable deprecation, use _CRT_SECURE_NO_WARNINGS. See online help for details.
                 c:\program files (x86)\microsoft visual studio 11.0\vc\include\stdio.h(218) : see declaration of 'fopen'
     1>c:\users\liuj0d\documents\antons_opengl_tutorials_book\03_vertex_buffer_objects\gl_utils.cpp(62): warning C4996: 'fopen': This function or variable may be unsafe. Consider using fopen_s instead. To disable deprecation, use _CRT_SECURE_NO_WARNINGS. See online help for details.
                 c:\program files (x86)\microsoft visual studio 11.0\vc\include\stdio.h(218) : see declaration of 'fopen'
     1>c:\users\liuj0d\documents\antons_opengl_tutorials_book\03_vertex_buffer_objects\gl_utils.cpp(151): warning C4996: 'sprintf': This function or variable may be unsafe. Consider using sprintf_s instead. To disable deprecation, use _CRT_SECURE_NO_WARNINGS. See online help for details.
                 c:\program files (x86)\microsoft visual studio 11.0\vc\include\stdio.h(357) : see declaration of 'sprintf'
     1>c:\users\liuj0d\documents\antons_opengl_tutorials_book\03_vertex_buffer_objects\gl_utils.cpp(163): warning C4996: 'fopen': This function or variable may be unsafe. Consider using fopen_s instead. To disable deprecation, use _CRT_SECURE_NO_WARNINGS. See online help for details.
                 c:\program files (x86)\microsoft visual studio 11.0\vc\include\stdio.h(218) : see declaration of 'fopen'
     1>c:\users\liuj0d\documents\antons_opengl_tutorials_book\03_vertex_buffer_objects\gl_utils.cpp(170): warning C4996: 'strcpy': This function or variable may be unsafe. Consider using strcpy_s instead. To disable deprecation, use _CRT_SECURE_NO_WARNINGS. See online help for details.
                 c:\program files (x86)\microsoft visual studio 11.0\vc\include\string.h(110) : see declaration of 'strcpy'
     1>c:\users\liuj0d\documents\antons_opengl_tutorials_book\03_vertex_buffer_objects\gl_utils.cpp(180): warning C4996: 'strcat': This function or variable may be unsafe. Consider using strcat_s instead. To disable deprecation, use _CRT_SECURE_NO_WARNINGS. See online help for details.
                 c:\program files (x86)\microsoft visual studio 11.0\vc\include\string.h(115) : see declaration of 'strcat'
         Generating Code...
       Link:
         C:\Program Files (x86)\Microsoft Visual Studio 11.0\VC\bin\link.exe /ERRORREPORT:PROMPT /OUT:"C:\Users\liuj0d\Documents\antons_opengl_tutorials_book\visual_studio\Debug\03_vertex_buffer_obects.exe" /INCREMENTAL /NOLOGO /LIBPATH:..\..\common\msvc110\ glfw3.lib glew32.lib opengl32.lib kernel32.lib user32.lib gdi32.lib winspool.lib comdlg32.lib advapi32.lib shell32.lib ole32.lib oleaut32.lib uuid.lib odbc32.lib odbccp32.lib kernel32.lib user32.lib gdi32.lib winspool.lib comdlg32.lib advapi32.lib shell32.lib ole32.lib oleaut32.lib uuid.lib odbc32.lib odbccp32.lib /MANIFEST /MANIFESTUAC:"level='asInvoker' uiAccess='false'" /manifest:embed /DEBUG /PDB:"C:\Users\liuj0d\Documents\antons_opengl_tutorials_book\visual_studio\Debug\03_vertex_buffer_obects.pdb" /TLBID:1 /DYNAMICBASE /NXCOMPAT /IMPLIB:"C:\Users\liuj0d\Documents\antons_opengl_tutorials_book\visual_studio\Debug\03_vertex_buffer_obects.lib" /MACHINE:X86 Debug\gl_utils.obj
         Debug\main.obj
     1>LINK : warning LNK4098: defaultlib 'MSVCRT' conflicts with use of other libs; use /NODEFAULTLIB:library
         03_vertex_buffer_obects.vcxproj -> C:\Users\liuj0d\Documents\antons_opengl_tutorials_book\visual_studio\Debug\03_vertex_buffer_obects.exe
     1>Done Building Project "C:\Users\liuj0d\Documents\antons_opengl_tutorials_book\visual_studio\03_vertex_buffer_obects\03_vertex_buffer_obects.vcxproj" (Build target(s)).

Build succeeded.

Time Elapsed 00:00:00.89
